<?xml version="1.0" encoding="UTF-8"?>
<!-- Generated by org.testng.reporters.JUnitReportReporter -->
<testsuite hostname="SanjivKoiri" failures="0" tests="1" name="com.instagram.testCases.TC_CreatePost" time="28.926" errors="0" timestamp="2024-07-07T19:18:58 IST" skipped="0">
  <testcase classname="com.instagram.testCases.TC_CreatePost" name="test_GenerateImage" time="28.926"/>
  <system-out/>
</testsuite> <!-- com.instagram.testCases.TC_CreatePost -->
