<?xml version="1.0" encoding="UTF-8"?>
<!-- Generated by org.testng.reporters.JUnitReportReporter -->
<testsuite hostname="DESKTOP-J5S0LPJ" failures="0" tests="1" name="com.instagram.testCases.TC_Home" time="18.112" errors="0" timestamp="2024-06-16T17:59:53 IST" skipped="0">
  <testcase classname="com.instagram.testCases.TC_Home" name="test_CheckAIToolSubMenus" time="18.112"/>
  <system-out/>
</testsuite> <!-- com.instagram.testCases.TC_Home -->
