<?xml version="1.0" encoding="UTF-8"?>
<!-- Generated by org.testng.reporters.JUnitReportReporter -->
<testsuite hostname="DESKTOP-J5S0LPJ" failures="0" tests="1" name="com.instagram.testCases.TC_CreatePost" time="35.041" errors="0" timestamp="2024-06-24T21:17:03 IST" skipped="0">
  <testcase classname="com.instagram.testCases.TC_CreatePost" name="test_GenerateImage" time="35.041"/>
  <system-out/>
</testsuite> <!-- com.instagram.testCases.TC_CreatePost -->
